2019-04-10 02:43:54<xml><ToUserName><![CDATA[gh_854d843fe6a3]]></ToUserName>
<FromUserName><![CDATA[oe3tR1UN7zSfr3K_BkUNf1p9OTIM]]></FromUserName>
<CreateTime>1554864234</CreateTime>
<MsgType><![CDATA[event]]></MsgType>
<Event><![CDATA[subscribe]]></Event>
<EventKey><![CDATA[]]></EventKey>
</xml>
2019-04-10 03:42:15<xml><ToUserName><![CDATA[gh_854d843fe6a3]]></ToUserName>
<FromUserName><![CDATA[oe3tR1UN7zSfr3K_BkUNf1p9OTIM]]></FromUserName>
<CreateTime>1554867735</CreateTime>
<MsgType><![CDATA[event]]></MsgType>
<Event><![CDATA[unsubscribe]]></Event>
<EventKey><![CDATA[]]></EventKey>
</xml>
2019-04-10 03:42:30<xml><ToUserName><![CDATA[gh_854d843fe6a3]]></ToUserName>
<FromUserName><![CDATA[oe3tR1UN7zSfr3K_BkUNf1p9OTIM]]></FromUserName>
<CreateTime>1554867750</CreateTime>
<MsgType><![CDATA[event]]></MsgType>
<Event><![CDATA[subscribe]]></Event>
<EventKey><![CDATA[]]></EventKey>
</xml>
2019-04-10 03:44:04<xml><ToUserName><![CDATA[gh_854d843fe6a3]]></ToUserName>
<FromUserName><![CDATA[oe3tR1UN7zSfr3K_BkUNf1p9OTIM]]></FromUserName>
<CreateTime>1554867750</CreateTime>
<MsgType><![CDATA[event]]></MsgType>
<Event><![CDATA[subscribe]]></Event>
<EventKey><![CDATA[]]></EventKey>
</xml>
